2021-09-21T08:20:39+00:00 CRITICAL Uncaught TypeError: call_user_func(): Argument #1 ($function) must be a valid callback, class "ColorMag_Customizer_Partials" not found in E:\xampp\htdocs\menu\blog\wp-includes\customize\class-wp-customize-partial.php:221
Stack trace:
#0 E:\xampp\htdocs\menu\blog\wp-includes\customize\class-wp-customize-selective-refresh.php(371): WP_Customize_Partial->render(Array)
#1 E:\xampp\htdocs\menu\blog\wp-includes\class-wp-hook.php(303): WP_Customize_Selective_Refresh->handle_render_partials_request('')
#2 E:\xampp\htdocs\menu\blog\wp-includes\class-wp-hook.php(327): WP_Hook->apply_filters(NULL, Array)
#3 E:\xampp\htdocs\menu\blog\wp-includes\plugin.php(470): WP_Hook->do_action(Array)
#4 E:\xampp\htdocs\menu\blog\wp-includes\template-loader.php(13): do_action('template_redire...')
#5 E:\xampp\htdocs\menu\blog\wp-blog-header.php(19): require_once('E:\\xampp\\htdocs...')
#6 E:\xampp\htdocs\menu\blog\index.php(17): require('E:\\xampp\\htdocs...')
#7 {main}
  thrown in E:\xampp\htdocs\menu\blog\wp-includes\customize\class-wp-customize-partial.php on line 221

2021-09-21T08:23:27+00:00 CRITICAL Uncaught TypeError: call_user_func(): Argument #1 ($function) must be a valid callback, class "ColorMag_Customizer_Partials" not found in E:\xampp\htdocs\menu\blog\wp-includes\customize\class-wp-customize-partial.php:221
Stack trace:
#0 E:\xampp\htdocs\menu\blog\wp-includes\customize\class-wp-customize-selective-refresh.php(371): WP_Customize_Partial->render(Array)
#1 E:\xampp\htdocs\menu\blog\wp-includes\class-wp-hook.php(303): WP_Customize_Selective_Refresh->handle_render_partials_request('')
#2 E:\xampp\htdocs\menu\blog\wp-includes\class-wp-hook.php(327): WP_Hook->apply_filters(NULL, Array)
#3 E:\xampp\htdocs\menu\blog\wp-includes\plugin.php(470): WP_Hook->do_action(Array)
#4 E:\xampp\htdocs\menu\blog\wp-includes\template-loader.php(13): do_action('template_redire...')
#5 E:\xampp\htdocs\menu\blog\wp-blog-header.php(19): require_once('E:\\xampp\\htdocs...')
#6 E:\xampp\htdocs\menu\blog\index.php(17): require('E:\\xampp\\htdocs...')
#7 {main}
  thrown in E:\xampp\htdocs\menu\blog\wp-includes\customize\class-wp-customize-partial.php on line 221

